Flow report for tiny_npu
Thu Apr  3 03:44:34 2025
Quartus Prime Version 23.1std.1 Build 993 05/14/2024 SC Lite Edition


---------------------
; Table of Contents ;
---------------------
  1. Legal Notice
  2. Flow Summary
  3. Flow Settings
  4. Flow Non-Default Global Settings
  5. Flow Elapsed Time
  6. Flow OS Summary
  7. Flow Log
  8. Flow Messages
  9. Flow Suppressed Messages



----------------
; Legal Notice ;
----------------
Copyright (C) 2024  Intel Corporation. All rights reserved.
Your use of Intel Corporation's design tools, logic functions 
and other software and tools, and any partner logic 
functions, and any output files from any of the foregoing 
(including device programming or simulation files), and any 
associated documentation or information are expressly subject 
to the terms and conditions of the Intel Program License 
Subscription Agreement, the Intel Quartus Prime License Agreement,
the Intel FPGA IP License Agreement, or other applicable license
agreement, including, without limitation, that your use is for
the sole purpose of programming logic devices manufactured by
Intel and sold by Intel or its authorized distributors.  Please
refer to the applicable agreement for further details, at
https://fpgasoftware.intel.com/eula.



+----------------------------------------------------------------------------------+
; Flow Summary                                                                     ;
+---------------------------------+------------------------------------------------+
; Flow Status                     ; Successful - Thu Apr  3 03:43:14 2025          ;
; Quartus Prime Version           ; 23.1std.1 Build 993 05/14/2024 SC Lite Edition ;
; Revision Name                   ; tiny_npu                                       ;
; Top-level Entity Name           ; tiny_npu                                       ;
; Family                          ; Cyclone V                                      ;
; Device                          ; 5CSEBA6U23I7                                   ;
; Timing Models                   ; Final                                          ;
; Logic utilization (in ALMs)     ; 26,285 / 41,910 ( 63 % )                       ;
; Total registers                 ; 57524                                          ;
; Total pins                      ; 89 / 314 ( 28 % )                              ;
; Total virtual pins              ; 0                                              ;
; Total block memory bits         ; 1,712,336 / 5,662,720 ( 30 % )                 ;
; Total DSP Blocks                ; 32 / 112 ( 29 % )                              ;
; Total HSSI RX PCSs              ; 0                                              ;
; Total HSSI PMA RX Deserializers ; 0                                              ;
; Total HSSI TX PCSs              ; 0                                              ;
; Total HSSI PMA TX Serializers   ; 0                                              ;
; Total PLLs                      ; 0 / 6 ( 0 % )                                  ;
; Total DLLs                      ; 1 / 4 ( 25 % )                                 ;
+---------------------------------+------------------------------------------------+


+-----------------------------------------+
; Flow Settings                           ;
+-------------------+---------------------+
; Option            ; Setting             ;
+-------------------+---------------------+
; Start date & time ; 04/03/2025 03:27:44 ;
; Main task         ; Compilation         ;
; Revision Name     ; tiny_npu            ;
+-------------------+---------------------+


+------------------------------------------------------------------------------------------------------------------------------------------+
; Flow Non-Default Global Settings                                                                                                         ;
+--------------------------------------------+--------------------------------------------------+---------------+-------------+------------+
; Assignment Name                            ; Value                                            ; Default Value ; Entity Name ; Section Id ;
+--------------------------------------------+--------------------------------------------------+---------------+-------------+------------+
; COMPILER_SIGNATURE_ID                      ; 66076473083265.174362206346155                   ; --            ; --          ; --         ;
; ECO_REGENERATE_REPORT                      ; On                                               ; Off           ; --          ; --         ;
; FITTER_AGGRESSIVE_ROUTABILITY_OPTIMIZATION ; Always                                           ; Automatically ; --          ; --         ;
; FITTER_EFFORT                              ; Standard Fit                                     ; Auto Fit      ; --          ; --         ;
; MAX_CORE_JUNCTION_TEMP                     ; 100                                              ; --            ; --          ; --         ;
; MIN_CORE_JUNCTION_TEMP                     ; -40                                              ; --            ; --          ; --         ;
; MISC_FILE                                  ; ../ip_cores/ram_512x1408_bb.v                    ; --            ; --          ; --         ;
; MISC_FILE                                  ; ../ip_cores/mult_int8_bb.v                       ; --            ; --          ; --         ;
; MISC_FILE                                  ; ../ip_cores/ram_176x1408_bb.v                    ; --            ; --          ; --         ;
; MISC_FILE                                  ; ../ip_cores/int18_to_fp16.cmp                    ; --            ; --          ; --         ;
; MISC_FILE                                  ; ../ip_cores/int18_to_fp16_sim/int18_to_fp16.vo   ; --            ; --          ; --         ;
; MISC_FILE                                  ; ../ip_cores/fp16_to_int16.cmp                    ; --            ; --          ; --         ;
; MISC_FILE                                  ; ../ip_cores/fp16_to_int16_sim/fp16_to_int16.vo   ; --            ; --          ; --         ;
; MISC_FILE                                  ; ../ip_cores/mult_fp16.cmp                        ; --            ; --          ; --         ;
; MISC_FILE                                  ; ../ip_cores/mult_fp16_sim/mult_fp16.vo           ; --            ; --          ; --         ;
; MISC_FILE                                  ; ../ip_cores/int16_to_fp16.cmp                    ; --            ; --          ; --         ;
; MISC_FILE                                  ; ../ip_cores/int16_to_fp16_sim/int16_to_fp16.vo   ; --            ; --          ; --         ;
; MISC_FILE                                  ; ../ip_cores/uint16_to_fp16.cmp                   ; --            ; --          ; --         ;
; MISC_FILE                                  ; ../ip_cores/uint16_to_fp16_sim/uint16_to_fp16.vo ; --            ; --          ; --         ;
; MISC_FILE                                  ; ../ip_cores/rsqrt.cmp                            ; --            ; --          ; --         ;
; MISC_FILE                                  ; ../ip_cores/rsqrt_sim/rsqrt.vo                   ; --            ; --          ; --         ;
; PARTITION_COLOR                            ; -- (Not supported for targeted family)           ; --            ; --          ; Top        ;
; PARTITION_FITTER_PRESERVATION_LEVEL        ; -- (Not supported for targeted family)           ; --            ; --          ; Top        ;
; PARTITION_NETLIST_TYPE                     ; -- (Not supported for targeted family)           ; --            ; --          ; Top        ;
; PHYSICAL_SYNTHESIS_EFFORT                  ; Extra                                            ; Normal        ; --          ; --         ;
; POWER_BOARD_THERMAL_MODEL                  ; None (CONSERVATIVE)                              ; --            ; --          ; --         ;
; POWER_PRESET_COOLING_SOLUTION              ; 23 MM HEAT SINK WITH 200 LFPM AIRFLOW            ; --            ; --          ; --         ;
; ROUTER_TIMING_OPTIMIZATION_LEVEL           ; MAXIMUM                                          ; Normal        ; --          ; --         ;
; SEED                                       ; 2                                                ; 1             ; --          ; --         ;
; SPD_FILE                                   ; ../ip_cores/int18_to_fp16.spd                    ; --            ; --          ; --         ;
; SPD_FILE                                   ; ../ip_cores/fp16_to_int16.spd                    ; --            ; --          ; --         ;
; SPD_FILE                                   ; ../ip_cores/mult_fp16.spd                        ; --            ; --          ; --         ;
; SPD_FILE                                   ; ../ip_cores/int16_to_fp16.spd                    ; --            ; --          ; --         ;
; SPD_FILE                                   ; ../ip_cores/uint16_to_fp16.spd                   ; --            ; --          ; --         ;
; SPD_FILE                                   ; ../ip_cores/rsqrt.spd                            ; --            ; --          ; --         ;
; SYNTHESIS_ONLY_QIP                         ; On                                               ; --            ; --          ; --         ;
; SYNTHESIS_ONLY_QIP                         ; On                                               ; --            ; --          ; --         ;
; SYNTHESIS_ONLY_QIP                         ; On                                               ; --            ; --          ; --         ;
; SYNTHESIS_ONLY_QIP                         ; On                                               ; --            ; --          ; --         ;
; SYNTHESIS_ONLY_QIP                         ; On                                               ; --            ; --          ; --         ;
; SYNTHESIS_ONLY_QIP                         ; On                                               ; --            ; --          ; --         ;
; USE_DLL_FREQUENCY_FOR_DQS_DELAY_CHAIN      ; On                                               ; Off           ; --          ; --         ;
+--------------------------------------------+--------------------------------------------------+---------------+-------------+------------+


+--------------------------------------------------------------------------------------------------------------------------+
; Flow Elapsed Time                                                                                                        ;
+----------------------+--------------+-------------------------+---------------------+------------------------------------+
; Module Name          ; Elapsed Time ; Average Processors Used ; Peak Virtual Memory ; Total CPU Time (on all processors) ;
+----------------------+--------------+-------------------------+---------------------+------------------------------------+
; Analysis & Synthesis ; 00:01:37     ; 1.6                     ; 1706 MB             ; 00:03:22                           ;
; Fitter               ; 00:13:13     ; 1.7                     ; 4619 MB             ; 00:45:45                           ;
; Assembler            ; 00:00:15     ; 1.0                     ; 992 MB              ; 00:00:14                           ;
; Timing Analyzer      ; 00:01:19     ; 3.9                     ; 2754 MB             ; 00:04:50                           ;
; Total                ; 00:16:24     ; --                      ; --                  ; 00:54:11                           ;
+----------------------+--------------+-------------------------+---------------------+------------------------------------+


+-------------------------------------------------------------------------------------------+
; Flow OS Summary                                                                           ;
+----------------------+---------------------+----------------+------------+----------------+
; Module Name          ; Machine Hostname    ; OS Name        ; OS Version ; Processor type ;
+----------------------+---------------------+----------------+------------+----------------+
; Analysis & Synthesis ; eric-Precision-3561 ; Ubuntu 24.04.2 ; 24         ; x86_64         ;
; Fitter               ; eric-Precision-3561 ; Ubuntu 24.04.2 ; 24         ; x86_64         ;
; Assembler            ; eric-Precision-3561 ; Ubuntu 24.04.2 ; 24         ; x86_64         ;
; Timing Analyzer      ; eric-Precision-3561 ; Ubuntu 24.04.2 ; 24         ; x86_64         ;
+----------------------+---------------------+----------------+------------+----------------+


------------
; Flow Log ;
------------
quartus_map --read_settings_files=on --write_settings_files=off tiny_npu -c tiny_npu
quartus_fit --read_settings_files=off --write_settings_files=off tiny_npu -c tiny_npu
quartus_asm --read_settings_files=off --write_settings_files=off tiny_npu -c tiny_npu
quartus_sta tiny_npu -c tiny_npu



